{"/Users/min/Documents/dev/ipf/co-engagement/common/template.js":{"path":"/Users/min/Documents/dev/ipf/co-engagement/common/template.js","s":{"1":1,"2":1,"3":1},"b":{},"f":{},"fnMap":{},"statementMap":{"1":{"start":{"line":5,"column":0},"end":{"line":5,"column":31}},"2":{"start":{"line":7,"column":0},"end":{"line":78,"column":1}},"3":{"start":{"line":80,"column":0},"end":{"line":80,"column":21}}},"branchMap":{}},"/Users/min/Documents/dev/ipf/co-engagement/core/message.js":{"path":"/Users/min/Documents/dev/ipf/co-engagement/core/message.js","s":{"1":1,"2":1,"3":1,"4":1,"5":1,"6":1,"7":1,"8":1,"9":1,"10":1,"11":0,"12":0,"13":0,"14":0,"15":0,"16":0,"17":0,"18":0,"19":0,"20":0,"21":0,"22":0,"23":0,"24":0,"25":1,"26":1,"27":1,"28":1},"b":{"1":[0,0,1],"2":[0,0]},"f":{"1":1},"fnMap":{"1":{"name":"(anonymous_1)","line":27,"loc":{"start":{"line":27,"column":18},"end":{"line":27,"column":59}}}},"statementMap":{"1":{"start":{"line":6,"column":0},"end":{"line":6,"column":44}},"2":{"start":{"line":7,"column":0},"end":{"line":7,"column":48}},"3":{"start":{"line":8,"column":0},"end":{"line":8,"column":39}},"4":{"start":{"line":9,"column":0},"end":{"line":9,"column":51}},"5":{"start":{"line":10,"column":0},"end":{"line":10,"column":41}},"6":{"start":{"line":11,"column":0},"end":{"line":11,"column":26}},"7":{"start":{"line":12,"column":0},"end":{"line":12,"column":34}},"8":{"start":{"line":14,"column":0},"end":{"line":25,"column":2}},"9":{"start":{"line":27,"column":0},"end":{"line":52,"column":2}},"10":{"start":{"line":28,"column":4},"end":{"line":51,"column":5}},"11":{"start":{"line":30,"column":12},"end":{"line":30,"column":45}},"12":{"start":{"line":31,"column":12},"end":{"line":31,"column":18}},"13":{"start":{"line":33,"column":12},"end":{"line":33,"column":44}},"14":{"start":{"line":34,"column":12},"end":{"line":34,"column":32}},"15":{"start":{"line":35,"column":12},"end":{"line":35,"column":29}},"16":{"start":{"line":36,"column":12},"end":{"line":36,"column":42}},"17":{"start":{"line":37,"column":12},"end":{"line":37,"column":39}},"18":{"start":{"line":38,"column":12},"end":{"line":42,"column":13}},"19":{"start":{"line":39,"column":16},"end":{"line":39,"column":61}},"20":{"start":{"line":41,"column":16},"end":{"line":41,"column":30}},"21":{"start":{"line":43,"column":12},"end":{"line":43,"column":46}},"22":{"start":{"line":44,"column":12},"end":{"line":44,"column":71}},"23":{"start":{"line":45,"column":12},"end":{"line":45,"column":62}},"24":{"start":{"line":46,"column":12},"end":{"line":46,"column":18}},"25":{"start":{"line":48,"column":12},"end":{"line":48,"column":50}},"26":{"start":{"line":49,"column":12},"end":{"line":49,"column":58}},"27":{"start":{"line":50,"column":12},"end":{"line":50,"column":18}},"28":{"start":{"line":54,"column":0},"end":{"line":54,"column":34}}},"branchMap":{"1":{"line":28,"type":"switch","locations":[{"start":{"line":29,"column":8},"end":{"line":31,"column":18}},{"start":{"line":32,"column":8},"end":{"line":46,"column":18}},{"start":{"line":47,"column":8},"end":{"line":50,"column":18}}]},"2":{"line":38,"type":"if","locations":[{"start":{"line":38,"column":12},"end":{"line":38,"column":12}},{"start":{"line":38,"column":12},"end":{"line":38,"column":12}}]}}},"/Users/min/Documents/dev/ipf/co-engagement/common/redisSub.js":{"path":"/Users/min/Documents/dev/ipf/co-engagement/common/redisSub.js","s":{"1":1,"2":1,"3":1,"4":1,"5":0,"6":0,"7":1,"8":0,"9":0,"10":1,"11":0,"12":0,"13":1,"14":0,"15":0,"16":1,"17":1,"18":1,"19":1,"20":1},"b":{},"f":{"1":0,"2":0,"3":0,"4":0},"fnMap":{"1":{"name":"(anonymous_1)","line":19,"loc":{"start":{"line":19,"column":19},"end":{"line":19,"column":36}}},"2":{"name":"(anonymous_2)","line":29,"loc":{"start":{"line":29,"column":19},"end":{"line":29,"column":36}}},"3":{"name":"(anonymous_3)","line":40,"loc":{"start":{"line":40,"column":19},"end":{"line":40,"column":36}}},"4":{"name":"(anonymous_4)","line":50,"loc":{"start":{"line":50,"column":19},"end":{"line":50,"column":36}}}},"statementMap":{"1":{"start":{"line":10,"column":0},"end":{"line":10,"column":34}},"2":{"start":{"line":11,"column":0},"end":{"line":11,"column":41}},"3":{"start":{"line":13,"column":0},"end":{"line":13,"column":31}},"4":{"start":{"line":15,"column":0},"end":{"line":23,"column":3}},"5":{"start":{"line":20,"column":8},"end":{"line":20,"column":46}},"6":{"start":{"line":21,"column":8},"end":{"line":21,"column":21}},"7":{"start":{"line":25,"column":0},"end":{"line":33,"column":3}},"8":{"start":{"line":30,"column":8},"end":{"line":30,"column":46}},"9":{"start":{"line":31,"column":8},"end":{"line":31,"column":21}},"10":{"start":{"line":36,"column":0},"end":{"line":44,"column":3}},"11":{"start":{"line":41,"column":8},"end":{"line":41,"column":46}},"12":{"start":{"line":42,"column":8},"end":{"line":42,"column":21}},"13":{"start":{"line":46,"column":0},"end":{"line":54,"column":3}},"14":{"start":{"line":51,"column":8},"end":{"line":51,"column":46}},"15":{"start":{"line":52,"column":8},"end":{"line":52,"column":21}},"16":{"start":{"line":56,"column":0},"end":{"line":56,"column":45}},"17":{"start":{"line":58,"column":0},"end":{"line":58,"column":24}},"18":{"start":{"line":59,"column":0},"end":{"line":59,"column":25}},"19":{"start":{"line":61,"column":0},"end":{"line":61,"column":28}},"20":{"start":{"line":62,"column":0},"end":{"line":62,"column":29}}},"branchMap":{}},"/Users/min/Documents/dev/ipf/co-engagement/config.js":{"path":"/Users/min/Documents/dev/ipf/co-engagement/config.js","s":{"1":1,"2":1,"3":1,"4":1,"5":1,"6":1,"7":1,"8":1,"9":1},"b":{},"f":{},"fnMap":{},"statementMap":{"1":{"start":{"line":6,"column":0},"end":{"line":49,"column":2}},"2":{"start":{"line":51,"column":0},"end":{"line":51,"column":57}},"3":{"start":{"line":52,"column":0},"end":{"line":52,"column":39}},"4":{"start":{"line":53,"column":0},"end":{"line":53,"column":57}},"5":{"start":{"line":54,"column":0},"end":{"line":54,"column":43}},"6":{"start":{"line":55,"column":0},"end":{"line":55,"column":24}},"7":{"start":{"line":56,"column":0},"end":{"line":56,"column":66}},"8":{"start":{"line":57,"column":0},"end":{"line":57,"column":66}},"9":{"start":{"line":59,"column":0},"end":{"line":59,"column":24}}},"branchMap":{}},"/Users/min/Documents/dev/ipf/co-engagement/common/logger.js":{"path":"/Users/min/Documents/dev/ipf/co-engagement/common/logger.js","s":{"1":1,"2":1,"3":1,"4":1,"5":1,"6":1,"7":1},"b":{"1":[1,1],"2":[1,0],"3":[1,1]},"f":{},"fnMap":{},"statementMap":{"1":{"start":{"line":1,"column":0},"end":{"line":1,"column":34}},"2":{"start":{"line":3,"column":0},"end":{"line":3,"column":47}},"3":{"start":{"line":6,"column":0},"end":{"line":6,"column":31}},"4":{"start":{"line":7,"column":0},"end":{"line":12,"column":3}},"5":{"start":{"line":14,"column":0},"end":{"line":14,"column":47}},"6":{"start":{"line":15,"column":0},"end":{"line":15,"column":67}},"7":{"start":{"line":17,"column":0},"end":{"line":17,"column":24}}},"branchMap":{"1":{"line":3,"type":"binary-expr","locations":[{"start":{"line":3,"column":10},"end":{"line":3,"column":30}},{"start":{"line":3,"column":34},"end":{"line":3,"column":47}}]},"2":{"line":15,"type":"cond-expr","locations":[{"start":{"line":15,"column":49},"end":{"line":15,"column":56}},{"start":{"line":15,"column":59},"end":{"line":15,"column":66}}]},"3":{"line":15,"type":"binary-expr","locations":[{"start":{"line":15,"column":16},"end":{"line":15,"column":28}},{"start":{"line":15,"column":32},"end":{"line":15,"column":46}}]}}},"/Users/min/Documents/dev/ipf/co-engagement/common/cache.js":{"path":"/Users/min/Documents/dev/ipf/co-engagement/common/cache.js","s":{"1":1,"2":1,"3":1,"4":1,"5":1,"6":0,"7":0,"8":0,"9":0,"10":0,"11":0,"12":0,"13":0,"14":0,"15":0,"16":1,"17":1,"18":1,"19":0,"20":0,"21":0,"22":0,"23":0,"24":0,"25":0,"26":0,"27":0,"28":0,"29":0,"30":1,"31":1,"32":0,"33":0,"34":0,"35":0,"36":1,"37":1,"38":0,"39":1,"40":1,"41":0,"42":0,"43":0,"44":0,"45":0,"46":0,"47":0,"48":1,"49":1,"50":0,"51":0,"52":0,"53":0,"54":0,"55":0,"56":0,"57":0,"58":1},"b":{"1":[0,0],"2":[0,0],"3":[0,0],"4":[0,0],"5":[0,0],"6":[0,0],"7":[0,0]},"f":{"1":0,"2":0,"3":0,"4":0,"5":0,"6":0,"7":0,"8":0,"9":0,"10":0,"11":0},"fnMap":{"1":{"name":"(anonymous_1)","line":6,"loc":{"start":{"line":6,"column":10},"end":{"line":6,"column":35}}},"2":{"name":"(anonymous_2)","line":8,"loc":{"start":{"line":8,"column":19},"end":{"line":8,"column":40}}},"3":{"name":"(anonymous_3)","line":25,"loc":{"start":{"line":25,"column":10},"end":{"line":25,"column":48}}},"4":{"name":"(anonymous_4)","line":46,"loc":{"start":{"line":46,"column":13},"end":{"line":46,"column":28}}},"5":{"name":"(anonymous_5)","line":59,"loc":{"start":{"line":59,"column":15},"end":{"line":59,"column":27}}},"6":{"name":"(anonymous_6)","line":66,"loc":{"start":{"line":66,"column":21},"end":{"line":66,"column":45}}},"7":{"name":"(anonymous_7)","line":67,"loc":{"start":{"line":67,"column":12},"end":{"line":67,"column":34}}},"8":{"name":"(anonymous_8)","line":69,"loc":{"start":{"line":69,"column":38},"end":{"line":69,"column":66}}},"9":{"name":"(anonymous_9)","line":84,"loc":{"start":{"line":84,"column":14},"end":{"line":84,"column":37}}},"10":{"name":"(anonymous_10)","line":89,"loc":{"start":{"line":89,"column":22},"end":{"line":89,"column":44}}},"11":{"name":"(anonymous_11)","line":94,"loc":{"start":{"line":94,"column":21},"end":{"line":94,"column":33}}}},"statementMap":{"1":{"start":{"line":1,"column":0},"end":{"line":1,"column":31}},"2":{"start":{"line":2,"column":0},"end":{"line":2,"column":26}},"3":{"start":{"line":3,"column":0},"end":{"line":3,"column":33}},"4":{"start":{"line":4,"column":0},"end":{"line":4,"column":34}},"5":{"start":{"line":6,"column":0},"end":{"line":20,"column":2}},"6":{"start":{"line":7,"column":4},"end":{"line":7,"column":23}},"7":{"start":{"line":8,"column":4},"end":{"line":19,"column":7}},"8":{"start":{"line":9,"column":8},"end":{"line":11,"column":9}},"9":{"start":{"line":10,"column":12},"end":{"line":10,"column":33}},"10":{"start":{"line":12,"column":8},"end":{"line":14,"column":9}},"11":{"start":{"line":13,"column":12},"end":{"line":13,"column":30}},"12":{"start":{"line":15,"column":8},"end":{"line":15,"column":32}},"13":{"start":{"line":16,"column":8},"end":{"line":16,"column":40}},"14":{"start":{"line":17,"column":8},"end":{"line":17,"column":61}},"15":{"start":{"line":18,"column":8},"end":{"line":18,"column":29}},"16":{"start":{"line":22,"column":0},"end":{"line":22,"column":18}},"17":{"start":{"line":23,"column":0},"end":{"line":23,"column":38}},"18":{"start":{"line":25,"column":0},"end":{"line":42,"column":2}},"19":{"start":{"line":26,"column":4},"end":{"line":26,"column":23}},"20":{"start":{"line":28,"column":4},"end":{"line":31,"column":5}},"21":{"start":{"line":29,"column":8},"end":{"line":29,"column":24}},"22":{"start":{"line":30,"column":8},"end":{"line":30,"column":20}},"23":{"start":{"line":32,"column":4},"end":{"line":32,"column":34}},"24":{"start":{"line":33,"column":4},"end":{"line":33,"column":34}},"25":{"start":{"line":35,"column":4},"end":{"line":39,"column":5}},"26":{"start":{"line":36,"column":8},"end":{"line":36,"column":40}},"27":{"start":{"line":38,"column":8},"end":{"line":38,"column":48}},"28":{"start":{"line":40,"column":4},"end":{"line":40,"column":36}},"29":{"start":{"line":41,"column":4},"end":{"line":41,"column":57}},"30":{"start":{"line":44,"column":0},"end":{"line":44,"column":18}},"31":{"start":{"line":46,"column":0},"end":{"line":51,"column":1}},"32":{"start":{"line":47,"column":4},"end":{"line":47,"column":23}},"33":{"start":{"line":48,"column":4},"end":{"line":48,"column":19}},"34":{"start":{"line":49,"column":4},"end":{"line":49,"column":36}},"35":{"start":{"line":50,"column":4},"end":{"line":50,"column":60}},"36":{"start":{"line":53,"column":0},"end":{"line":53,"column":24}},"37":{"start":{"line":59,"column":0},"end":{"line":61,"column":2}},"38":{"start":{"line":60,"column":4},"end":{"line":60,"column":28}},"39":{"start":{"line":62,"column":0},"end":{"line":62,"column":28}},"40":{"start":{"line":66,"column":0},"end":{"line":80,"column":2}},"41":{"start":{"line":67,"column":4},"end":{"line":79,"column":7}},"42":{"start":{"line":68,"column":8},"end":{"line":78,"column":9}},"43":{"start":{"line":69,"column":12},"end":{"line":75,"column":15}},"44":{"start":{"line":70,"column":16},"end":{"line":74,"column":17}},"45":{"start":{"line":71,"column":20},"end":{"line":71,"column":48}},"46":{"start":{"line":73,"column":20},"end":{"line":73,"column":54}},"47":{"start":{"line":77,"column":12},"end":{"line":77,"column":46}},"48":{"start":{"line":82,"column":0},"end":{"line":82,"column":40}},"49":{"start":{"line":84,"column":0},"end":{"line":98,"column":2}},"50":{"start":{"line":85,"column":4},"end":{"line":87,"column":7}},"51":{"start":{"line":88,"column":4},"end":{"line":88,"column":18}},"52":{"start":{"line":89,"column":4},"end":{"line":93,"column":7}},"53":{"start":{"line":90,"column":8},"end":{"line":92,"column":9}},"54":{"start":{"line":91,"column":12},"end":{"line":91,"column":37}},"55":{"start":{"line":94,"column":4},"end":{"line":97,"column":7}},"56":{"start":{"line":95,"column":8},"end":{"line":95,"column":58}},"57":{"start":{"line":96,"column":8},"end":{"line":96,"column":23}},"58":{"start":{"line":100,"column":0},"end":{"line":100,"column":26}}},"branchMap":{"1":{"line":9,"type":"if","locations":[{"start":{"line":9,"column":8},"end":{"line":9,"column":8}},{"start":{"line":9,"column":8},"end":{"line":9,"column":8}}]},"2":{"line":12,"type":"if","locations":[{"start":{"line":12,"column":8},"end":{"line":12,"column":8}},{"start":{"line":12,"column":8},"end":{"line":12,"column":8}}]},"3":{"line":28,"type":"if","locations":[{"start":{"line":28,"column":4},"end":{"line":28,"column":4}},{"start":{"line":28,"column":4},"end":{"line":28,"column":4}}]},"4":{"line":32,"type":"binary-expr","locations":[{"start":{"line":32,"column":15},"end":{"line":32,"column":23}},{"start":{"line":32,"column":27},"end":{"line":32,"column":33}}]},"5":{"line":35,"type":"if","locations":[{"start":{"line":35,"column":4},"end":{"line":35,"column":4}},{"start":{"line":35,"column":4},"end":{"line":35,"column":4}}]},"6":{"line":68,"type":"if","locations":[{"start":{"line":68,"column":8},"end":{"line":68,"column":8}},{"start":{"line":68,"column":8},"end":{"line":68,"column":8}}]},"7":{"line":70,"type":"if","locations":[{"start":{"line":70,"column":16},"end":{"line":70,"column":16}},{"start":{"line":70,"column":16},"end":{"line":70,"column":16}}]}}},"/Users/min/Documents/dev/ipf/co-engagement/common/redis.js":{"path":"/Users/min/Documents/dev/ipf/co-engagement/common/redis.js","s":{"1":1,"2":1,"3":1,"4":1,"5":0,"6":0,"7":1,"8":0,"9":0,"10":1},"b":{"1":[0,0]},"f":{"1":0,"2":0},"fnMap":{"1":{"name":"(anonymous_1)","line":10,"loc":{"start":{"line":10,"column":17},"end":{"line":10,"column":34}}},"2":{"name":"(anonymous_2)","line":16,"loc":{"start":{"line":16,"column":19},"end":{"line":16,"column":34}}}},"statementMap":{"1":{"start":{"line":1,"column":0},"end":{"line":1,"column":34}},"2":{"start":{"line":2,"column":0},"end":{"line":2,"column":31}},"3":{"start":{"line":3,"column":0},"end":{"line":3,"column":33}},"4":{"start":{"line":6,"column":0},"end":{"line":14,"column":3}},"5":{"start":{"line":11,"column":4},"end":{"line":11,"column":42}},"6":{"start":{"line":12,"column":4},"end":{"line":12,"column":17}},"7":{"start":{"line":16,"column":0},"end":{"line":21,"column":2}},"8":{"start":{"line":17,"column":2},"end":{"line":20,"column":3}},"9":{"start":{"line":18,"column":4},"end":{"line":18,"column":73}},"10":{"start":{"line":23,"column":0},"end":{"line":23,"column":34}}},"branchMap":{"1":{"line":17,"type":"if","locations":[{"start":{"line":17,"column":2},"end":{"line":17,"column":2}},{"start":{"line":17,"column":2},"end":{"line":17,"column":2}}]}}},"/Users/min/Documents/dev/ipf/co-engagement/core/robotManager.js":{"path":"/Users/min/Documents/dev/ipf/co-engagement/core/robotManager.js","s":{"1":1,"2":1,"3":1,"4":1,"5":0,"6":0,"7":0,"8":0,"9":0,"10":0,"11":1,"12":0,"13":0,"14":1,"15":0,"16":1,"17":0,"18":1,"19":0,"20":1,"21":0,"22":1,"23":0,"24":1,"25":0,"26":1},"b":{"1":[0,0],"2":[0,0],"3":[0,0]},"f":{"1":0,"2":0,"3":0,"4":0,"5":0,"6":0,"7":0,"8":0},"fnMap":{"1":{"name":"(anonymous_1)","line":8,"loc":{"start":{"line":8,"column":24},"end":{"line":8,"column":36}}},"2":{"name":"(anonymous_2)","line":21,"loc":{"start":{"line":21,"column":28},"end":{"line":21,"column":40}}},"3":{"name":"(anonymous_3)","line":27,"loc":{"start":{"line":27,"column":15},"end":{"line":27,"column":37}}},"4":{"name":"(anonymous_4)","line":31,"loc":{"start":{"line":31,"column":15},"end":{"line":31,"column":29}}},"5":{"name":"(anonymous_5)","line":35,"loc":{"start":{"line":35,"column":18},"end":{"line":35,"column":30}}},"6":{"name":"(anonymous_6)","line":39,"loc":{"start":{"line":39,"column":15},"end":{"line":39,"column":29}}},"7":{"name":"(anonymous_7)","line":43,"loc":{"start":{"line":43,"column":15},"end":{"line":43,"column":32}}},"8":{"name":"(anonymous_8)","line":47,"loc":{"start":{"line":47,"column":15},"end":{"line":47,"column":27}}}},"statementMap":{"1":{"start":{"line":5,"column":0},"end":{"line":5,"column":18}},"2":{"start":{"line":6,"column":0},"end":{"line":6,"column":20}},"3":{"start":{"line":7,"column":0},"end":{"line":7,"column":23}},"4":{"start":{"line":8,"column":0},"end":{"line":19,"column":2}},"5":{"start":{"line":9,"column":4},"end":{"line":12,"column":6}},"6":{"start":{"line":13,"column":4},"end":{"line":17,"column":5}},"7":{"start":{"line":14,"column":8},"end":{"line":14,"column":47}},"8":{"start":{"line":15,"column":8},"end":{"line":15,"column":22}},"9":{"start":{"line":16,"column":8},"end":{"line":16,"column":23}},"10":{"start":{"line":18,"column":4},"end":{"line":18,"column":16}},"11":{"start":{"line":21,"column":0},"end":{"line":25,"column":2}},"12":{"start":{"line":22,"column":4},"end":{"line":24,"column":5}},"13":{"start":{"line":23,"column":8},"end":{"line":23,"column":22}},"14":{"start":{"line":27,"column":0},"end":{"line":29,"column":2}},"15":{"start":{"line":28,"column":4},"end":{"line":28,"column":26}},"16":{"start":{"line":31,"column":0},"end":{"line":33,"column":2}},"17":{"start":{"line":32,"column":4},"end":{"line":32,"column":48}},"18":{"start":{"line":35,"column":0},"end":{"line":37,"column":2}},"19":{"start":{"line":36,"column":4},"end":{"line":36,"column":20}},"20":{"start":{"line":39,"column":0},"end":{"line":41,"column":2}},"21":{"start":{"line":40,"column":4},"end":{"line":40,"column":24}},"22":{"start":{"line":43,"column":0},"end":{"line":45,"column":2}},"23":{"start":{"line":44,"column":4},"end":{"line":44,"column":32}},"24":{"start":{"line":47,"column":0},"end":{"line":49,"column":2}},"25":{"start":{"line":48,"column":4},"end":{"line":48,"column":31}},"26":{"start":{"line":51,"column":0},"end":{"line":51,"column":123}}},"branchMap":{"1":{"line":13,"type":"if","locations":[{"start":{"line":13,"column":4},"end":{"line":13,"column":4}},{"start":{"line":13,"column":4},"end":{"line":13,"column":4}}]},"2":{"line":22,"type":"if","locations":[{"start":{"line":22,"column":4},"end":{"line":22,"column":4}},{"start":{"line":22,"column":4},"end":{"line":22,"column":4}}]},"3":{"line":32,"type":"cond-expr","locations":[{"start":{"line":32,"column":28},"end":{"line":32,"column":40}},{"start":{"line":32,"column":43},"end":{"line":32,"column":47}}]}}}}